2011/06/01 09:20:01 [error] [exception.CHttpException.404] exception 'CHttpException' with message 'Unable to resolve the request "favicon.ico".' in /var/www/jewelry/framework/web/CWebApplication.php:332
Stack trace:
#0 /var/www/jewelry/framework/web/CWebApplication.php(121): CWebApplication->runController('favicon.ico')
#1 /var/www/jewelry/framework/base/CApplication.php(155): CWebApplication->processRequest()
#2 /var/www/jewelry/manage/index.php(13): CApplication->run()
#3 {main} REQUEST_URI=/favicon.ico
2011/06/01 09:20:04 [error] [exception.CHttpException.404] exception 'CHttpException' with message 'Unable to resolve the request "favicon.ico".' in /var/www/jewelry/framework/web/CWebApplication.php:332
Stack trace:
#0 /var/www/jewelry/framework/web/CWebApplication.php(121): CWebApplication->runController('favicon.ico')
#1 /var/www/jewelry/framework/base/CApplication.php(155): CWebApplication->processRequest()
#2 /var/www/jewelry/manage/index.php(13): CApplication->run()
#3 {main} REQUEST_URI=/favicon.ico
2011/06/01 09:20:52 [error] [exception.CException] exception 'CException' with message 'CPhpAuthManager does not have a method named "getAssignmentsByItemName".' in /var/www/jewelry/framework/base/CComponent.php:266
Stack trace:
#0 [internal function]: CComponent->__call('getAssignmentsB...', Array)
#1 /var/www/jewelry/manage/protected/modules/rights/components/RAuthorizer.php(285): CPhpAuthManager->getAssignmentsByItemName('Admin')
#2 /var/www/jewelry/manage/protected/modules/rights/controllers/AssignmentController.php(51): RAuthorizer->getSuperusers()
#3 /var/www/jewelry/framework/web/CController.php(1121): AssignmentController->accessRules()
#4 /var/www/jewelry/framework/web/filters/CInlineFilter.php(59): CController->filterAccessControl(Object(CFilterChain))
#5 /var/www/jewelry/framework/web/filters/CFilterChain.php(130): CInlineFilter->filter(Object(CFilterChain))
#6 /var/www/jewelry/framework/web/CController.php(283): CFilterChain->run()
#7 /var/www/jewelry/framework/web/CController.php(257): CController->runActionWithFilters(Object(CInlineAction), Array)
#8 /var/www/jewelry/framework/web/CWebApplication.php(328): CController->run('')
#9 /var/www/jewelry/framework/web/CWebApplication.php(121): CWebApplication->runController('rights')
#10 /var/www/jewelry/framework/base/CApplication.php(155): CWebApplication->processRequest()
#11 /var/www/jewelry/manage/index.php(13): CApplication->run()
#12 {main} REQUEST_URI=/rights
2011/06/01 09:22:30 [error] [exception.CException] exception 'CException' with message 'CPhpAuthManager does not have a method named "getAssignmentsByItemName".' in /var/www/jewelry/framework/base/CComponent.php:266
Stack trace:
#0 [internal function]: CComponent->__call('getAssignmentsB...', Array)
#1 /var/www/jewelry/manage/protected/modules/rights/components/RAuthorizer.php(285): CPhpAuthManager->getAssignmentsByItemName('Admin')
#2 /var/www/jewelry/manage/protected/modules/rights/controllers/AssignmentController.php(51): RAuthorizer->getSuperusers()
#3 /var/www/jewelry/framework/web/CController.php(1121): AssignmentController->accessRules()
#4 /var/www/jewelry/framework/web/filters/CInlineFilter.php(59): CController->filterAccessControl(Object(CFilterChain))
#5 /var/www/jewelry/framework/web/filters/CFilterChain.php(130): CInlineFilter->filter(Object(CFilterChain))
#6 /var/www/jewelry/framework/web/CController.php(283): CFilterChain->run()
#7 /var/www/jewelry/framework/web/CController.php(257): CController->runActionWithFilters(Object(CInlineAction), Array)
#8 /var/www/jewelry/framework/web/CWebApplication.php(328): CController->run('')
#9 /var/www/jewelry/framework/web/CWebApplication.php(121): CWebApplication->runController('rights')
#10 /var/www/jewelry/framework/base/CApplication.php(155): CWebApplication->processRequest()
#11 /var/www/jewelry/manage/index.php(13): CApplication->run()
#12 {main} REQUEST_URI=/rights
2011/06/01 09:30:56 [error] [exception.CException] exception 'CException' with message 'Application authorization manager must extend the RDbAuthManager class.' in /var/www/jewelry/manage/protected/modules/rights/components/RInstaller.php:57
Stack trace:
#0 /var/www/jewelry/framework/base/CModule.php(372): RInstaller->init()
#1 /var/www/jewelry/manage/protected/modules/rights/RightsModule.php(200): CModule->getComponent('installer')
#2 /var/www/jewelry/manage/protected/modules/rights/controllers/InstallController.php(29): RightsModule->getInstaller()
#3 /var/www/jewelry/framework/web/CWebApplication.php(327): InstallController->init()
#4 /var/www/jewelry/framework/web/CWebApplication.php(121): CWebApplication->runController('rights')
#5 /var/www/jewelry/framework/base/CApplication.php(155): CWebApplication->processRequest()
#6 /var/www/jewelry/manage/index.php(13): CApplication->run()
#7 {main} REQUEST_URI=/rights
2011/06/01 09:44:19 [error] [exception.CException] exception 'CException' with message 'Application authorization manager must extend the RDbAuthManager class.' in /var/www/jewelry/manage/protected/modules/rights/components/RInstaller.php:57
Stack trace:
#0 /var/www/jewelry/framework/base/CModule.php(372): RInstaller->init()
#1 /var/www/jewelry/manage/protected/modules/rights/RightsModule.php(200): CModule->getComponent('installer')
#2 /var/www/jewelry/manage/protected/modules/rights/controllers/InstallController.php(29): RightsModule->getInstaller()
#3 /var/www/jewelry/framework/web/CWebApplication.php(327): InstallController->init()
#4 /var/www/jewelry/framework/web/CWebApplication.php(121): CWebApplication->runController('rights')
#5 /var/www/jewelry/framework/base/CApplication.php(155): CWebApplication->processRequest()
#6 /var/www/jewelry/manage/index.php(13): CApplication->run()
#7 {main} REQUEST_URI=/rights
2011/06/01 10:35:57 [error] [exception.CException] exception 'CException' with message 'CWebApplication does not have a method named "getCompoent".' in /var/www/jewelry/framework/base/CComponent.php:266
Stack trace:
#0 [internal function]: CComponent->__call('getCompoent', Array)
#1 /var/www/jewelry/manage/protected/controllers/SiteController.php(32): CWebApplication->getCompoent('authManager')
#2 /var/www/jewelry/framework/web/actions/CInlineAction.php(50): SiteController->actionIndex()
#3 /var/www/jewelry/framework/web/CController.php(300): CInlineAction->runWithParams(Array)
#4 /var/www/jewelry/framework/web/CController.php(278): CController->runAction(Object(CInlineAction))
#5 /var/www/jewelry/framework/web/CController.php(257): CController->runActionWithFilters(Object(CInlineAction), Array)
#6 /var/www/jewelry/framework/web/CWebApplication.php(328): CController->run('')
#7 /var/www/jewelry/framework/web/CWebApplication.php(121): CWebApplication->runController('')
#8 /var/www/jewelry/framework/base/CApplication.php(155): CWebApplication->processRequest()
#9 /var/www/jewelry/manage/index.php(13): CApplication->run()
#10 {main} REQUEST_URI=/
2011/06/01 11:05:51 [error] [exception.CException] exception 'CException' with message 'Unknown authorization item "a".' in /var/www/jewelry/framework/web/auth/CPhpAuthManager.php:173
Stack trace:
#0 /var/www/jewelry/manage/protected/controllers/SiteController.php(32): CPhpAuthManager->assign('a', 12)
#1 /var/www/jewelry/framework/web/actions/CInlineAction.php(50): SiteController->actionIndex()
#2 /var/www/jewelry/framework/web/CController.php(300): CInlineAction->runWithParams(Array)
#3 /var/www/jewelry/framework/web/CController.php(278): CController->runAction(Object(CInlineAction))
#4 /var/www/jewelry/framework/web/CController.php(257): CController->runActionWithFilters(Object(CInlineAction), Array)
#5 /var/www/jewelry/framework/web/CWebApplication.php(328): CController->run('')
#6 /var/www/jewelry/framework/web/CWebApplication.php(121): CWebApplication->runController('')
#7 /var/www/jewelry/framework/base/CApplication.php(155): CWebApplication->processRequest()
#8 /var/www/jewelry/manage/index.php(13): CApplication->run()
#9 {main} REQUEST_URI=/
2011/06/01 16:15:44 [error] [exception.CHttpException.404] exception 'CHttpException' with message 'Unable to resolve the request "favicon.ico".' in /var/www/jewelry/framework/web/CWebApplication.php:332
Stack trace:
#0 /var/www/jewelry/framework/web/CWebApplication.php(121): CWebApplication->runController('favicon.ico')
#1 /var/www/jewelry/framework/base/CApplication.php(155): CWebApplication->processRequest()
#2 /var/www/jewelry/manage/index.php(13): CApplication->run()
#3 {main} REQUEST_URI=/favicon.ico
2011/06/01 16:15:47 [error] [exception.CHttpException.404] exception 'CHttpException' with message 'Unable to resolve the request "favicon.ico".' in /var/www/jewelry/framework/web/CWebApplication.php:332
Stack trace:
#0 /var/www/jewelry/framework/web/CWebApplication.php(121): CWebApplication->runController('favicon.ico')
#1 /var/www/jewelry/framework/base/CApplication.php(155): CWebApplication->processRequest()
#2 /var/www/jewelry/manage/index.php(13): CApplication->run()
#3 {main} REQUEST_URI=/favicon.ico
2011/06/01 16:15:48 [error] [exception.CHttpException.404] exception 'CHttpException' with message 'Unable to resolve the request "favicon.ico".' in /var/www/jewelry/framework/web/CWebApplication.php:332
Stack trace:
#0 /var/www/jewelry/framework/web/CWebApplication.php(121): CWebApplication->runController('favicon.ico')
#1 /var/www/jewelry/framework/base/CApplication.php(155): CWebApplication->processRequest()
#2 /var/www/jewelry/manage/index.php(13): CApplication->run()
#3 {main} REQUEST_URI=/favicon.ico
2011/06/01 16:38:07 [error] [exception.CHttpException.404] exception 'CHttpException' with message 'The system is unable to find the requested action "login2".' in /var/www/jewelry/framework/web/CController.php:477
Stack trace:
#0 /var/www/jewelry/framework/web/CController.php(262): CController->missingAction('login2')
#1 /var/www/jewelry/framework/web/CWebApplication.php(328): CController->run('login2')
#2 /var/www/jewelry/framework/web/CWebApplication.php(121): CWebApplication->runController('site/login2')
#3 /var/www/jewelry/framework/base/CApplication.php(155): CWebApplication->processRequest()
#4 /var/www/jewelry/manage/index.php(13): CApplication->run()
#5 {main} REQUEST_URI=/site/login2
2011/06/01 20:51:17 [error] [exception.CHttpException.404] exception 'CHttpException' with message 'Unable to resolve the request "favicon.ico".' in /var/www/jewelry/framework/web/CWebApplication.php:332
Stack trace:
#0 /var/www/jewelry/framework/web/CWebApplication.php(121): CWebApplication->runController('favicon.ico')
#1 /var/www/jewelry/framework/base/CApplication.php(155): CWebApplication->processRequest()
#2 /var/www/jewelry/manage/index.php(13): CApplication->run()
#3 {main} REQUEST_URI=/favicon.ico
2011/06/01 20:51:19 [error] [exception.CHttpException.404] exception 'CHttpException' with message 'Unable to resolve the request "favicon.ico".' in /var/www/jewelry/framework/web/CWebApplication.php:332
Stack trace:
#0 /var/www/jewelry/framework/web/CWebApplication.php(121): CWebApplication->runController('favicon.ico')
#1 /var/www/jewelry/framework/base/CApplication.php(155): CWebApplication->processRequest()
#2 /var/www/jewelry/manage/index.php(13): CApplication->run()
#3 {main} REQUEST_URI=/favicon.ico
2011/06/01 20:51:20 [error] [exception.CHttpException.404] exception 'CHttpException' with message 'Unable to resolve the request "favicon.ico".' in /var/www/jewelry/framework/web/CWebApplication.php:332
Stack trace:
#0 /var/www/jewelry/framework/web/CWebApplication.php(121): CWebApplication->runController('favicon.ico')
#1 /var/www/jewelry/framework/base/CApplication.php(155): CWebApplication->processRequest()
#2 /var/www/jewelry/manage/index.php(13): CApplication->run()
#3 {main} REQUEST_URI=/favicon.ico
2011/06/02 08:18:52 [error] [exception.CHttpException.404] exception 'CHttpException' with message 'Unable to resolve the request "favicon.ico".' in /var/www/jewelry/framework/web/CWebApplication.php:332
Stack trace:
#0 /var/www/jewelry/framework/web/CWebApplication.php(121): CWebApplication->runController('favicon.ico')
#1 /var/www/jewelry/framework/base/CApplication.php(155): CWebApplication->processRequest()
#2 /var/www/jewelry/manage/index.php(13): CApplication->run()
#3 {main} REQUEST_URI=/favicon.ico
2011/06/02 08:18:55 [error] [exception.CHttpException.404] exception 'CHttpException' with message 'Unable to resolve the request "favicon.ico".' in /var/www/jewelry/framework/web/CWebApplication.php:332
Stack trace:
#0 /var/www/jewelry/framework/web/CWebApplication.php(121): CWebApplication->runController('favicon.ico')
#1 /var/www/jewelry/framework/base/CApplication.php(155): CWebApplication->processRequest()
#2 /var/www/jewelry/manage/index.php(13): CApplication->run()
#3 {main} REQUEST_URI=/favicon.ico
2011/06/02 08:35:51 [error] [exception.CHttpException.404] exception 'CHttpException' with message 'Unable to resolve the request "favicon.ico".' in /var/www/jewelry/framework/web/CWebApplication.php:332
Stack trace:
#0 /var/www/jewelry/framework/web/CWebApplication.php(121): CWebApplication->runController('favicon.ico')
#1 /var/www/jewelry/framework/base/CApplication.php(155): CWebApplication->processRequest()
#2 /var/www/jewelry/manage/index.php(13): CApplication->run()
#3 {main} REQUEST_URI=/favicon.ico
2011/06/02 09:13:27 [error] [php] include(FirePHP.php): failed to open stream: No such file or directory (/var/www/jewelry/framework/YiiBase.php:396)
Stack trace:
#0 unknown(0): spl_autoload_call()
#1 /var/www/jewelry/manage/protected/components/FirePHPCore/fb.php(45): class_exists()
#2 /var/www/jewelry/framework/YiiBase.php(309): require()
#3 /var/www/jewelry/manage/index.php(15): import()
REQUEST_URI=/
in /var/www/jewelry/manage/protected/components/FirePHPCore/fb.php (45)
in /var/www/jewelry/manage/index.php (15)
2011/06/02 09:15:27 [error] [php] include(FirePHP.php): failed to open stream: No such file or directory (/var/www/jewelry/framework/YiiBase.php:396)
Stack trace:
#0 unknown(0): spl_autoload_call()
#1 /var/www/jewelry/manage/protected/components/FirePHPCore/fb.php(45): class_exists()
#2 /var/www/jewelry/framework/YiiBase.php(309): require()
#3 /var/www/jewelry/manage/index.php(15): import()
REQUEST_URI=/
in /var/www/jewelry/manage/protected/components/FirePHPCore/fb.php (45)
in /var/www/jewelry/manage/index.php (15)
2011/06/02 09:19:54 [error] [php] include(FirePHP.php): failed to open stream: No such file or directory (/var/www/jewelry/framework/YiiBase.php:396)
Stack trace:
#0 unknown(0): spl_autoload_call()
#1 /var/www/jewelry/manage/protected/components/FirePHPCore/fb.php(45): class_exists()
#2 /var/www/jewelry/framework/YiiBase.php(309): require()
#3 /var/www/jewelry/manage/index.php(15): import()
REQUEST_URI=/
in /var/www/jewelry/manage/protected/components/FirePHPCore/fb.php (45)
in /var/www/jewelry/manage/index.php (15)
2011/06/02 17:08:03 [error] [exception.CException] exception 'CException' with message 'Event "SiteController.onTest" is not defined.' in /var/www/jewelry/framework/base/CComponent.php:485
Stack trace:
#0 /var/www/jewelry/framework/base/CComponent.php(523): CComponent->getEventHandlers('onTest')
#1 /var/www/jewelry/manage/protected/controllers/SiteController.php(122): CComponent->attachEventHandler('onTest', Array)
#2 /var/www/jewelry/framework/web/actions/CInlineAction.php(50): SiteController->actionTest()
#3 /var/www/jewelry/framework/web/CController.php(300): CInlineAction->runWithParams(Array)
#4 /var/www/jewelry/framework/web/filters/CFilterChain.php(133): CController->runAction(Object(CInlineAction))
#5 /var/www/jewelry/framework/web/filters/CFilter.php(41): CFilterChain->run()
#6 /var/www/jewelry/framework/web/CController.php(1122): CFilter->filter(Object(CFilterChain))
#7 /var/www/jewelry/framework/web/filters/CInlineFilter.php(59): CController->filterAccessControl(Object(CFilterChain))
#8 /var/www/jewelry/framework/web/filters/CFilterChain.php(130): CInlineFilter->filter(Object(CFilterChain))
#9 /var/www/jewelry/framework/web/CController.php(283): CFilterChain->run()
#10 /var/www/jewelry/framework/web/CController.php(257): CController->runActionWithFilters(Object(CInlineAction), Array)
#11 /var/www/jewelry/framework/web/CWebApplication.php(328): CController->run('test')
#12 /var/www/jewelry/framework/web/CWebApplication.php(121): CWebApplication->runController('site/test')
#13 /var/www/jewelry/framework/base/CApplication.php(155): CWebApplication->processRequest()
#14 /var/www/jewelry/manage/index.php(12): CApplication->run()
#15 {main} REQUEST_URI=/site/test
2011/06/02 17:09:40 [error] [php] Undefined variable: model (/var/www/jewelry/manage/protected/models/ContactForm.php:50)
Stack trace:
#0 /var/www/jewelry/framework/web/CController.php(300): CInlineAction->runWithParams()
#1 /var/www/jewelry/framework/web/filters/CFilterChain.php(133): SiteController->runAction()
#2 /var/www/jewelry/framework/web/filters/CFilter.php(41): CFilterChain->run()
#3 /var/www/jewelry/framework/web/CController.php(1122): CAccessControlFilter->filter()
#4 /var/www/jewelry/framework/web/filters/CInlineFilter.php(59): SiteController->filterAccessControl()
#5 /var/www/jewelry/framework/web/filters/CFilterChain.php(130): CInlineFilter->filter()
#6 /var/www/jewelry/framework/web/CController.php(283): CFilterChain->run()
#7 /var/www/jewelry/framework/web/CController.php(257): SiteController->runActionWithFilters()
#8 /var/www/jewelry/framework/web/CWebApplication.php(328): SiteController->run()
#9 /var/www/jewelry/framework/web/CWebApplication.php(121): CWebApplication->runController()
#10 /var/www/jewelry/framework/base/CApplication.php(155): CWebApplication->processRequest()
#11 /var/www/jewelry/manage/index.php(12): CWebApplication->run()
REQUEST_URI=/site/test
2011/06/02 17:09:53 [error] [php] Missing argument 2 for CComponent::raiseEvent(), called in /var/www/jewelry/manage/protected/models/ContactForm.php on line 56 and defined (/var/www/jewelry/framework/base/CComponent.php:550)
Stack trace:
#0 /var/www/jewelry/manage/protected/controllers/SiteController.php(124): ContactForm->test()
#1 /var/www/jewelry/framework/web/actions/CInlineAction.php(50): SiteController->actionTest()
#2 /var/www/jewelry/framework/web/CController.php(300): CInlineAction->runWithParams()
#3 /var/www/jewelry/framework/web/filters/CFilterChain.php(133): SiteController->runAction()
#4 /var/www/jewelry/framework/web/filters/CFilter.php(41): CFilterChain->run()
#5 /var/www/jewelry/framework/web/CController.php(1122): CAccessControlFilter->filter()
#6 /var/www/jewelry/framework/web/filters/CInlineFilter.php(59): SiteController->filterAccessControl()
#7 /var/www/jewelry/framework/web/filters/CFilterChain.php(130): CInlineFilter->filter()
#8 /var/www/jewelry/framework/web/CController.php(283): CFilterChain->run()
#9 /var/www/jewelry/framework/web/CController.php(257): SiteController->runActionWithFilters()
#10 /var/www/jewelry/framework/web/CWebApplication.php(328): SiteController->run()
#11 /var/www/jewelry/framework/web/CWebApplication.php(121): CWebApplication->runController()
#12 /var/www/jewelry/framework/base/CApplication.php(155): CWebApplication->processRequest()
#13 /var/www/jewelry/manage/index.php(12): CWebApplication->run()
REQUEST_URI=/site/test
2011/06/02 19:31:34 [error] [exception.CHttpException.404] exception 'CHttpException' with message 'The system is unable to find the requested action "testsdfsfdsaf".' in /var/www/jewelry/framework/web/CController.php:477
Stack trace:
#0 /var/www/jewelry/framework/web/CController.php(262): CController->missingAction('testsdfsfdsaf')
#1 /var/www/jewelry/framework/web/CWebApplication.php(328): CController->run('testsdfsfdsaf')
#2 /var/www/jewelry/framework/web/CWebApplication.php(121): CWebApplication->runController('site/testsdfsfd...')
#3 /var/www/jewelry/framework/base/CApplication.php(155): CWebApplication->processRequest()
#4 /var/www/jewelry/manage/index.php(12): CApplication->run()
#5 {main} REQUEST_URI=/site/testsdfsfdsaf
2011/06/02 19:31:37 [error] [exception.CHttpException.404] exception 'CHttpException' with message 'Unable to resolve the request "favicon.ico".' in /var/www/jewelry/framework/web/CWebApplication.php:332
Stack trace:
#0 /var/www/jewelry/framework/web/CWebApplication.php(121): CWebApplication->runController('favicon.ico')
#1 /var/www/jewelry/framework/base/CApplication.php(155): CWebApplication->processRequest()
#2 /var/www/jewelry/manage/index.php(12): CApplication->run()
#3 {main} REQUEST_URI=/favicon.ico
2011/06/02 19:31:40 [error] [exception.CHttpException.404] exception 'CHttpException' with message 'Unable to resolve the request "favicon.ico".' in /var/www/jewelry/framework/web/CWebApplication.php:332
Stack trace:
#0 /var/www/jewelry/framework/web/CWebApplication.php(121): CWebApplication->runController('favicon.ico')
#1 /var/www/jewelry/framework/base/CApplication.php(155): CWebApplication->processRequest()
#2 /var/www/jewelry/manage/index.php(12): CApplication->run()
#3 {main} REQUEST_URI=/favicon.ico
2011/06/02 19:32:08 [error] [exception.CHttpException.404] exception 'CHttpException' with message 'Unable to resolve the request "favicon.ico".' in /var/www/jewelry/framework/web/CWebApplication.php:332
Stack trace:
#0 /var/www/jewelry/framework/web/CWebApplication.php(121): CWebApplication->runController('favicon.ico')
#1 /var/www/jewelry/framework/base/CApplication.php(155): CWebApplication->processRequest()
#2 /var/www/jewelry/manage/index.php(12): CApplication->run()
#3 {main} REQUEST_URI=/favicon.ico
2011/06/02 19:33:42 [error] [exception.CHttpException.404] exception 'CHttpException' with message 'Unable to resolve the request "favicon.ico".' in /var/www/jewelry/framework/web/CWebApplication.php:332
Stack trace:
#0 /var/www/jewelry/framework/web/CWebApplication.php(121): CWebApplication->runController('favicon.ico')
#1 /var/www/jewelry/framework/base/CApplication.php(155): CWebApplication->processRequest()
#2 /var/www/jewelry/manage/index.php(12): CApplication->run()
#3 {main} REQUEST_URI=/favicon.ico
2011/06/02 19:35:54 [error] [exception.CHttpException.404] exception 'CHttpException' with message 'Unable to resolve the request "favicon.ico".' in /var/www/jewelry/framework/web/CWebApplication.php:332
Stack trace:
#0 /var/www/jewelry/framework/web/CWebApplication.php(121): CWebApplication->runController('favicon.ico')
#1 /var/www/jewelry/framework/base/CApplication.php(155): CWebApplication->processRequest()
#2 /var/www/jewelry/manage/index.php(12): CApplication->run()
#3 {main} REQUEST_URI=/favicon.ico
2011/06/02 19:55:57 [error] [php] Object of class SiteController could not be converted to string (/var/www/jewelry/framework/web/CWebApplication.php:326)
Stack trace:
#0 /var/www/jewelry/manage/index.php(12): CWebApplication->run()
REQUEST_URI=/
2011/06/03 07:40:45 [error] [exception.CHttpException.404] exception 'CHttpException' with message 'Unable to resolve the request "favicon.ico".' in /var/www/jewelry/framework/web/CWebApplication.php:332
Stack trace:
#0 /var/www/jewelry/framework/web/CWebApplication.php(121): CWebApplication->runController('favicon.ico')
#1 /var/www/jewelry/framework/base/CApplication.php(155): CWebApplication->processRequest()
#2 /var/www/jewelry/manage/index.php(12): CApplication->run()
#3 {main} REQUEST_URI=/favicon.ico
2011/06/03 07:40:49 [error] [exception.CHttpException.404] exception 'CHttpException' with message 'Unable to resolve the request "favicon.ico".' in /var/www/jewelry/framework/web/CWebApplication.php:332
Stack trace:
#0 /var/www/jewelry/framework/web/CWebApplication.php(121): CWebApplication->runController('favicon.ico')
#1 /var/www/jewelry/framework/base/CApplication.php(155): CWebApplication->processRequest()
#2 /var/www/jewelry/manage/index.php(12): CApplication->run()
#3 {main} REQUEST_URI=/favicon.ico
2011/06/03 09:25:59 [error] [exception.CHttpException.404] exception 'CHttpException' with message 'Unable to resolve the request "favicon.ico".' in /var/www/jewelry/framework/web/CWebApplication.php:332
Stack trace:
#0 /var/www/jewelry/framework/web/CWebApplication.php(121): CWebApplication->runController('favicon.ico')
#1 /var/www/jewelry/framework/base/CApplication.php(155): CWebApplication->processRequest()
#2 /var/www/jewelry/manage/index.php(15): CApplication->run()
#3 {main} REQUEST_URI=/favicon.ico
2011/06/03 09:26:02 [error] [exception.CHttpException.404] exception 'CHttpException' with message 'Unable to resolve the request "favicon.ico".' in /var/www/jewelry/framework/web/CWebApplication.php:332
Stack trace:
#0 /var/www/jewelry/framework/web/CWebApplication.php(121): CWebApplication->runController('favicon.ico')
#1 /var/www/jewelry/framework/base/CApplication.php(155): CWebApplication->processRequest()
#2 /var/www/jewelry/manage/index.php(15): CApplication->run()
#3 {main} REQUEST_URI=/favicon.ico
2011/06/03 09:26:03 [error] [exception.CHttpException.404] exception 'CHttpException' with message 'Unable to resolve the request "favicon.ico".' in /var/www/jewelry/framework/web/CWebApplication.php:332
Stack trace:
#0 /var/www/jewelry/framework/web/CWebApplication.php(121): CWebApplication->runController('favicon.ico')
#1 /var/www/jewelry/framework/base/CApplication.php(155): CWebApplication->processRequest()
#2 /var/www/jewelry/manage/index.php(15): CApplication->run()
#3 {main} REQUEST_URI=/favicon.ico
2011/06/03 10:06:01 [error] [exception.CHttpException.403] exception 'CHttpException' with message 'You are not allowed to access this page.' in /var/www/jewelry/framework/gii/GiiModule.php:163
Stack trace:
#0 /var/www/jewelry/framework/web/CController.php(256): GiiModule->beforeControllerAction(Object(DefaultController), Object(CInlineAction))
#1 /var/www/jewelry/framework/web/CWebApplication.php(328): CController->run('')
#2 /var/www/jewelry/framework/web/CWebApplication.php(121): CWebApplication->runController('gii')
#3 /var/www/jewelry/framework/base/CApplication.php(155): CWebApplication->processRequest()
#4 /var/www/jewelry/manage/index.php(14): CApplication->run()
#5 {main} REQUEST_URI=/gii
2011/06/03 10:06:28 [error] [exception.CHttpException.404] exception 'CHttpException' with message 'Unable to resolve the request "gii/default/login".' in /var/www/jewelry/framework/web/CWebApplication.php:332
Stack trace:
#0 /var/www/jewelry/framework/web/CWebApplication.php(121): CWebApplication->runController('gii/default/log...')
#1 /var/www/jewelry/framework/base/CApplication.php(155): CWebApplication->processRequest()
#2 /var/www/jewelry/manage/index.php(14): CApplication->run()
#3 {main} REQUEST_URI=/gii/default/login
2011/06/03 10:06:36 [error] [exception.CHttpException.404] exception 'CHttpException' with message 'Unable to resolve the request "gii".' in /var/www/jewelry/framework/web/CWebApplication.php:332
Stack trace:
#0 /var/www/jewelry/framework/web/CWebApplication.php(121): CWebApplication->runController('gii')
#1 /var/www/jewelry/framework/base/CApplication.php(155): CWebApplication->processRequest()
#2 /var/www/jewelry/manage/index.php(14): CApplication->run()
#3 {main} REQUEST_URI=/gii
